apps/android/app/build/intermediates/manifest_merge_blame_file/debug/processDebugMainManifest/manifest-merger-blame-debug-report.txt
1<?xml version="1.0" encoding="utf-8"?>
2<manifest xmlns:android="http://schemas.android.com/apk/res/android"
3    package="com.example.webrtcphone"
4    android:versionCode="1"
5    android:versionName="1.0" >
6
7    <uses-sdk
8        android:minSdkVersion="26"
9        android:targetSdkVersion="35" />
10
11    <uses-permission android:name="android.permission.INTERNET" />
11-->src\main\AndroidManifest.xml:4:5-67
11-->src\main\AndroidManifest.xml:4:22-64
12    <uses-permission android:name="android.permission.ACCESS_NETWORK_STATE" />
12-->src\main\AndroidManifest.xml:5:5-79
12-->src\main\AndroidManifest.xml:5:22-76
13    <uses-permission android:name="android.permission.RECORD_AUDIO" />
13-->src\main\AndroidManifest.xml:6:5-71
13-->src\main\AndroidManifest.xml:6:22-68
14    <uses-permission android:name="android.permission.MODIFY_AUDIO_SETTINGS" />
14-->src\main\AndroidManifest.xml:7:5-80
14-->src\main\AndroidManifest.xml:7:22-77
15    <uses-permission android:name="android.permission.POST_NOTIFICATIONS" />
15-->src\main\AndroidManifest.xml:8:5-77
15-->src\main\AndroidManifest.xml:8:22-74
16    <uses-permission android:name="android.permission.USE_FULL_SCREEN_INTENT" />
16-->src\main\AndroidManifest.xml:9:5-81
16-->src\main\AndroidManifest.xml:9:22-78
17
18    <uses-feature
18-->src\main\AndroidManifest.xml:11:5-13:36
19        android:name="android.hardware.microphone"
19-->src\main\AndroidManifest.xml:12:9-51
20        android:required="false" />
20-->src\main\AndroidManifest.xml:13:9-33
21
22    <uses-permission android:name="android.permission.WAKE_LOCK" /> <!-- Required by older versions of Google Play services to create IID tokens -->
22-->[com.google.firebase:firebase-messaging:25.0.2] AndroidManifest.xml:24:5-68
22-->[com.google.firebase:firebase-messaging:25.0.2] AndroidManifest.xml:24:22-65
23    <uses-permission android:name="com.google.android.c2dm.permission.RECEIVE" />
23-->[com.google.firebase:firebase-messaging:25.0.2] AndroidManifest.xml:26:5-82
23-->[com.google.firebase:firebase-messaging:25.0.2] AndroidManifest.xml:26:22-79
24    <uses-permission android:name="com.google.android.finsky.permission.BIND_GET_INSTALL_REFERRER_SERVICE" />
24-->[com.google.android.gms:play-services-measurement:23.2.0] AndroidManifest.xml:26:5-110
24-->[com.google.android.gms:play-services-measurement:23.2.0] AndroidManifest.xml:26:22-107
25    <uses-permission android:name="com.google.android.gms.permission.AD_ID" />
25-->[com.google.android.gms:play-services-measurement-impl:23.2.0] AndroidManifest.xml:27:5-79
25-->[com.google.android.gms:play-services-measurement-impl:23.2.0] AndroidManifest.xml:27:22-76
26    <uses-permission android:name="android.permission.ACCESS_ADSERVICES_ATTRIBUTION" />
26-->[com.google.android.gms:play-services-measurement-api:23.2.0] AndroidManifest.xml:26:5-88
26-->[com.google.android.gms:play-services-measurement-api:23.2.0] AndroidManifest.xml:26:22-85
27    <uses-permission android:name="android.permission.ACCESS_ADSERVICES_AD_ID" />
27-->[com.google.android.gms:play-services-measurement-api:23.2.0] AndroidManifest.xml:27:5-82
27-->[com.google.android.gms:play-services-measurement-api:23.2.0] AndroidManifest.xml:27:22-79
28
29    <permission
29-->[androidx.core:core:1.15.0] AndroidManifest.xml:22:5-24:47
30        android:name="com.example.webrtcphone.DYNAMIC_RECEIVER_NOT_EXPORTED_PERMISSION"
30-->[androidx.core:core:1.15.0] AndroidManifest.xml:23:9-81
31        android:protectionLevel="signature" />
31-->[androidx.core:core:1.15.0] AndroidManifest.xml:24:9-44
32
33    <uses-permission android:name="com.example.webrtcphone.DYNAMIC_RECEIVER_NOT_EXPORTED_PERMISSION" />
33-->[androidx.core:core:1.15.0] AndroidManifest.xml:26:5-97
33-->[androidx.core:core:1.15.0] AndroidManifest.xml:26:22-94
34
35    <application
35-->src\main\AndroidManifest.xml:15:5-40:19
36        android:allowBackup="true"
36-->src\main\AndroidManifest.xml:16:9-35
37        android:appComponentFactory="androidx.core.app.CoreComponentFactory"
37-->[androidx.core:core:1.15.0] AndroidManifest.xml:28:18-86
38        android:debuggable="true"
39        android:extractNativeLibs="false"
40        android:label="WebRTC SIP Phone"
40-->src\main\AndroidManifest.xml:17:9-41
41        android:testOnly="true"
42        android:theme="@style/Theme.WebRtcPhone"
42-->src\main\AndroidManifest.xml:19:9-49
43        android:usesCleartextTraffic="true" >
43-->src\main\AndroidManifest.xml:18:9-44
44        <activity
44-->src\main\AndroidManifest.xml:21:9-30:20
45            android:name="com.example.webrtcphone.MainActivity"
45-->src\main\AndroidManifest.xml:22:13-41
46            android:configChanges="keyboardHidden|orientation|screenSize"
46-->src\main\AndroidManifest.xml:23:13-74
47            android:exported="true"
47-->src\main\AndroidManifest.xml:24:13-36
48            android:launchMode="singleTop" >
48-->src\main\AndroidManifest.xml:25:13-43
49            <intent-filter>
49-->src\main\AndroidManifest.xml:26:13-29:29
50                <action android:name="android.intent.action.MAIN" />
50-->src\main\AndroidManifest.xml:27:17-69
50-->src\main\AndroidManifest.xml:27:25-66
51
52                <category android:name="android.intent.category.LAUNCHER" />
52-->src\main\AndroidManifest.xml:28:17-77
52-->src\main\AndroidManifest.xml:28:27-74
53            </intent-filter>
54        </activity>
55
56        <service
56-->src\main\AndroidManifest.xml:32:9-38:19
57            android:name="com.example.webrtcphone.IncomingCallMessagingService"
57-->src\main\AndroidManifest.xml:33:13-57
58            android:exported="false" >
58-->src\main\AndroidManifest.xml:34:13-37
59            <intent-filter>
59-->src\main\AndroidManifest.xml:35:13-37:29
60                <action android:name="com.google.firebase.MESSAGING_EVENT" />
60-->src\main\AndroidManifest.xml:36:17-78
60-->src\main\AndroidManifest.xml:36:25-75
61            </intent-filter>
62        </service>
63
64        <receiver
64-->[com.google.firebase:firebase-messaging:25.0.2] AndroidManifest.xml:29:9-40:20
65            android:name="com.google.firebase.iid.FirebaseInstanceIdReceiver"
65-->[com.google.firebase:firebase-messaging:25.0.2] AndroidManifest.xml:30:13-78
66            android:exported="true"
66-->[com.google.firebase:firebase-messaging:25.0.2] AndroidManifest.xml:31:13-36
67            android:permission="com.google.android.c2dm.permission.SEND" >
67-->[com.google.firebase:firebase-messaging:25.0.2] AndroidManifest.xml:32:13-73
68            <intent-filter>
68-->[com.google.firebase:firebase-messaging:25.0.2] AndroidManifest.xml:33:13-35:29
69                <action android:name="com.google.android.c2dm.intent.RECEIVE" />
69-->[com.google.firebase:firebase-messaging:25.0.2] AndroidManifest.xml:34:17-81
69-->[com.google.firebase:firebase-messaging:25.0.2] AndroidManifest.xml:34:25-78
70            </intent-filter>
71
72            <meta-data
72-->[com.google.firebase:firebase-messaging:25.0.2] AndroidManifest.xml:37:13-39:40
73                android:name="com.google.android.gms.cloudmessaging.FINISHED_AFTER_HANDLED"
73-->[com.google.firebase:firebase-messaging:25.0.2] AndroidManifest.xml:38:17-92
74                android:value="true" />
74-->[com.google.firebase:firebase-messaging:25.0.2] AndroidManifest.xml:39:17-37
75        </receiver>
76        <!--
77             FirebaseMessagingService performs security checks at runtime,
78             but set to not exported to explicitly avoid allowing another app to call it.
79        -->
80        <service
80-->[com.google.firebase:firebase-messaging:25.0.2] AndroidManifest.xml:46:9-53:19
81            android:name="com.google.firebase.messaging.FirebaseMessagingService"
81-->[com.google.firebase:firebase-messaging:25.0.2] AndroidManifest.xml:47:13-82
82            android:directBootAware="true"
82-->[com.google.firebase:firebase-messaging:25.0.2] AndroidManifest.xml:48:13-43
83            android:exported="false" >
83-->[com.google.firebase:firebase-messaging:25.0.2] AndroidManifest.xml:49:13-37
84            <intent-filter android:priority="-500" >
84-->src\main\AndroidManifest.xml:35:13-37:29
85                <action android:name="com.google.firebase.MESSAGING_EVENT" />
85-->src\main\AndroidManifest.xml:36:17-78
85-->src\main\AndroidManifest.xml:36:25-75
86            </intent-filter>
87        </service>
88        <service
88-->[com.google.firebase:firebase-messaging:25.0.2] AndroidManifest.xml:54:9-63:19
89            android:name="com.google.firebase.components.ComponentDiscoveryService"
89-->[com.google.firebase:firebase-messaging:25.0.2] AndroidManifest.xml:55:13-84
90            android:directBootAware="true"
90-->[com.google.firebase:firebase-common:22.0.1] AndroidManifest.xml:32:13-43
91            android:exported="false" >
91-->[com.google.firebase:firebase-messaging:25.0.2] AndroidManifest.xml:56:13-37
92            <meta-data
92-->[com.google.firebase:firebase-messaging:25.0.2] AndroidManifest.xml:57:13-59:85
93                android:name="com.google.firebase.components:com.google.firebase.messaging.FirebaseMessagingKtxRegistrar"
93-->[com.google.firebase:firebase-messaging:25.0.2] AndroidManifest.xml:58:17-122
94                android:value="com.google.firebase.components.ComponentRegistrar" />
94-->[com.google.firebase:firebase-messaging:25.0.2] AndroidManifest.xml:59:17-82
95            <meta-data
95-->[com.google.firebase:firebase-messaging:25.0.2] AndroidManifest.xml:60:13-62:85
96                android:name="com.google.firebase.components:com.google.firebase.messaging.FirebaseMessagingRegistrar"
96-->[com.google.firebase:firebase-messaging:25.0.2] AndroidManifest.xml:61:17-119
97                android:value="com.google.firebase.components.ComponentRegistrar" />
97-->[com.google.firebase:firebase-messaging:25.0.2] AndroidManifest.xml:62:17-82
98            <meta-data
98-->[com.google.android.gms:play-services-measurement-api:23.2.0] AndroidManifest.xml:33:13-35:85
99                android:name="com.google.firebase.components:com.google.firebase.analytics.connector.internal.AnalyticsConnectorRegistrar"
99-->[com.google.android.gms:play-services-measurement-api:23.2.0] AndroidManifest.xml:34:17-139
100                android:value="com.google.firebase.components.ComponentRegistrar" />
100-->[com.google.android.gms:play-services-measurement-api:23.2.0] AndroidManifest.xml:35:17-82
101            <meta-data
101-->[com.google.firebase:firebase-installations:19.1.0] AndroidManifest.xml:15:13-17:85
102                android:name="com.google.firebase.components:com.google.firebase.installations.FirebaseInstallationsKtxRegistrar"
102-->[com.google.firebase:firebase-installations:19.1.0] AndroidManifest.xml:16:17-130
103                android:value="com.google.firebase.components.ComponentRegistrar" />
103-->[com.google.firebase:firebase-installations:19.1.0] AndroidManifest.xml:17:17-82
104            <meta-data
104-->[com.google.firebase:firebase-installations:19.1.0] AndroidManifest.xml:18:13-20:85
105                android:name="com.google.firebase.components:com.google.firebase.installations.FirebaseInstallationsRegistrar"
105-->[com.google.firebase:firebase-installations:19.1.0] AndroidManifest.xml:19:17-127
106                android:value="com.google.firebase.components.ComponentRegistrar" />
106-->[com.google.firebase:firebase-installations:19.1.0] AndroidManifest.xml:20:17-82
107            <meta-data
107-->[com.google.firebase:firebase-common:22.0.1] AndroidManifest.xml:35:13-37:85
108                android:name="com.google.firebase.components:com.google.firebase.FirebaseCommonKtxRegistrar"
108-->[com.google.firebase:firebase-common:22.0.1] AndroidManifest.xml:36:17-109
109                android:value="com.google.firebase.components.ComponentRegistrar" />
109-->[com.google.firebase:firebase-common:22.0.1] AndroidManifest.xml:37:17-82
110            <meta-data
110-->[com.google.firebase:firebase-datatransport:18.2.0] AndroidManifest.xml:25:13-27:85
111                android:name="com.google.firebase.components:com.google.firebase.datatransport.TransportRegistrar"
111-->[com.google.firebase:firebase-datatransport:18.2.0] AndroidManifest.xml:26:17-115
112                android:value="com.google.firebase.components.ComponentRegistrar" />
112-->[com.google.firebase:firebase-datatransport:18.2.0] AndroidManifest.xml:27:17-82
113        </service>
114
115        <receiver
115-->[com.google.android.gms:play-services-measurement:23.2.0] AndroidManifest.xml:29:9-33:20
116            android:name="com.google.android.gms.measurement.AppMeasurementReceiver"
116-->[com.google.android.gms:play-services-measurement:23.2.0] AndroidManifest.xml:30:13-85
117            android:enabled="true"
117-->[com.google.android.gms:play-services-measurement:23.2.0] AndroidManifest.xml:31:13-35
118            android:exported="false" >
118-->[com.google.android.gms:play-services-measurement:23.2.0] AndroidManifest.xml:32:13-37
119        </receiver>
120
121        <service
121-->[com.google.android.gms:play-services-measurement:23.2.0] AndroidManifest.xml:35:9-38:40
122            android:name="com.google.android.gms.measurement.AppMeasurementService"
122-->[com.google.android.gms:play-services-measurement:23.2.0] AndroidManifest.xml:36:13-84
123            android:enabled="true"
123-->[com.google.android.gms:play-services-measurement:23.2.0] AndroidManifest.xml:37:13-35
124            android:exported="false" />
124-->[com.google.android.gms:play-services-measurement:23.2.0] AndroidManifest.xml:38:13-37
125        <service
125-->[com.google.android.gms:play-services-measurement:23.2.0] AndroidManifest.xml:39:9-43:72
126            android:name="com.google.android.gms.measurement.AppMeasurementJobService"
126-->[com.google.android.gms:play-services-measurement:23.2.0] AndroidManifest.xml:40:13-87
127            android:enabled="true"
127-->[com.google.android.gms:play-services-measurement:23.2.0] AndroidManifest.xml:41:13-35
128            android:exported="false"
128-->[com.google.android.gms:play-services-measurement:23.2.0] AndroidManifest.xml:42:13-37
129            android:permission="android.permission.BIND_JOB_SERVICE" />
129-->[com.google.android.gms:play-services-measurement:23.2.0] AndroidManifest.xml:43:13-69
130
131        <activity
131-->[com.google.android.gms:play-services-base:18.9.0] AndroidManifest.xml:20:9-22:45
132            android:name="com.google.android.gms.common.api.GoogleApiActivity"
132-->[com.google.android.gms:play-services-base:18.9.0] AndroidManifest.xml:20:19-85
133            android:exported="false"
133-->[com.google.android.gms:play-services-base:18.9.0] AndroidManifest.xml:22:19-43
134            android:theme="@android:style/Theme.Translucent.NoTitleBar" />
134-->[com.google.android.gms:play-services-base:18.9.0] AndroidManifest.xml:21:19-78
135
136        <provider
136-->[com.google.firebase:firebase-common:22.0.1] AndroidManifest.xml:23:9-28:39
137            android:name="com.google.firebase.provider.FirebaseInitProvider"
137-->[com.google.firebase:firebase-common:22.0.1] AndroidManifest.xml:24:13-77
138            android:authorities="com.example.webrtcphone.firebaseinitprovider"
138-->[com.google.firebase:firebase-common:22.0.1] AndroidManifest.xml:25:13-72
139            android:directBootAware="true"
139-->[com.google.firebase:firebase-common:22.0.1] AndroidManifest.xml:26:13-43
140            android:exported="false"
140-->[com.google.firebase:firebase-common:22.0.1] AndroidManifest.xml:27:13-37
141            android:initOrder="100" />
141-->[com.google.firebase:firebase-common:22.0.1] AndroidManifest.xml:28:13-36
142
143        <uses-library
143-->[androidx.privacysandbox.ads:ads-adservices:1.1.0-beta11] AndroidManifest.xml:23:9-25:40
144            android:name="android.ext.adservices"
144-->[androidx.privacysandbox.ads:ads-adservices:1.1.0-beta11] AndroidManifest.xml:24:13-50
145            android:required="false" />
145-->[androidx.privacysandbox.ads:ads-adservices:1.1.0-beta11] AndroidManifest.xml:25:13-37
146
147        <meta-data
147-->[com.google.android.gms:play-services-basement:18.9.0] AndroidManifest.xml:21:9-23:69
148            android:name="com.google.android.gms.version"
148-->[com.google.android.gms:play-services-basement:18.9.0] AndroidManifest.xml:22:13-58
149            android:value="@integer/google_play_services_version" />
149-->[com.google.android.gms:play-services-basement:18.9.0] AndroidManifest.xml:23:13-66
150
151        <service
151-->[com.google.android.datatransport:transport-backend-cct:3.1.9] AndroidManifest.xml:28:9-34:19
152            android:name="com.google.android.datatransport.runtime.backends.TransportBackendDiscovery"
152-->[com.google.android.datatransport:transport-backend-cct:3.1.9] AndroidManifest.xml:29:13-103
153            android:exported="false" >
153-->[com.google.android.datatransport:transport-backend-cct:3.1.9] AndroidManifest.xml:30:13-37
154            <meta-data
154-->[com.google.android.datatransport:transport-backend-cct:3.1.9] AndroidManifest.xml:31:13-33:39
155                android:name="backend:com.google.android.datatransport.cct.CctBackendFactory"
155-->[com.google.android.datatransport:transport-backend-cct:3.1.9] AndroidManifest.xml:32:17-94
156                android:value="cct" />
156-->[com.google.android.datatransport:transport-backend-cct:3.1.9] AndroidManifest.xml:33:17-36
157        </service>
158        <service
158-->[com.google.android.datatransport:transport-runtime:3.1.9] AndroidManifest.xml:26:9-30:19
159            android:name="com.google.android.datatransport.runtime.scheduling.jobscheduling.JobInfoSchedulerService"
159-->[com.google.android.datatransport:transport-runtime:3.1.9] AndroidManifest.xml:27:13-117
160            android:exported="false"
160-->[com.google.android.datatransport:transport-runtime:3.1.9] AndroidManifest.xml:28:13-37
161            android:permission="android.permission.BIND_JOB_SERVICE" >
161-->[com.google.android.datatransport:transport-runtime:3.1.9] AndroidManifest.xml:29:13-69
162        </service>
163
164        <receiver
164-->[com.google.android.datatransport:transport-runtime:3.1.9] AndroidManifest.xml:32:9-34:40
165            android:name="com.google.android.datatransport.runtime.scheduling.jobscheduling.AlarmManagerSchedulerBroadcastReceiver"
165-->[com.google.android.datatransport:transport-runtime:3.1.9] AndroidManifest.xml:33:13-132
166            android:exported="false" />
166-->[com.google.android.datatransport:transport-runtime:3.1.9] AndroidManifest.xml:34:13-37
167
168        <provider
168-->[androidx.profileinstaller:profileinstaller:1.3.0] AndroidManifest.xml:24:9-32:20
169            android:name="androidx.startup.InitializationProvider"
169-->[androidx.profileinstaller:profileinstaller:1.3.0] AndroidManifest.xml:25:13-67
170            android:authorities="com.example.webrtcphone.androidx-startup"
170-->[androidx.profileinstaller:profileinstaller:1.3.0] AndroidManifest.xml:26:13-68
171            android:exported="false" >
171-->[androidx.profileinstaller:profileinstaller:1.3.0] AndroidManifest.xml:27:13-37
172            <meta-data
172-->[androidx.profileinstaller:profileinstaller:1.3.0] AndroidManifest.xml:29:13-31:52
173                android:name="androidx.profileinstaller.ProfileInstallerInitializer"
173-->[androidx.profileinstaller:profileinstaller:1.3.0] AndroidManifest.xml:30:17-85
174                android:value="androidx.startup" />
174-->[androidx.profileinstaller:profileinstaller:1.3.0] AndroidManifest.xml:31:17-49
175        </provider>
176
177        <receiver
177-->[androidx.profileinstaller:profileinstaller:1.3.0] AndroidManifest.xml:34:9-52:20
178            android:name="androidx.profileinstaller.ProfileInstallReceiver"
178-->[androidx.profileinstaller:profileinstaller:1.3.0] AndroidManifest.xml:35:13-76
179            android:directBootAware="false"
179-->[androidx.profileinstaller:profileinstaller:1.3.0] AndroidManifest.xml:36:13-44
180            android:enabled="true"
180-->[androidx.profileinstaller:profileinstaller:1.3.0] AndroidManifest.xml:37:13-35
181            android:exported="true"
181-->[androidx.profileinstaller:profileinstaller:1.3.0] AndroidManifest.xml:38:13-36
182            android:permission="android.permission.DUMP" >
182-->[androidx.profileinstaller:profileinstaller:1.3.0] AndroidManifest.xml:39:13-57
183            <intent-filter>
183-->[androidx.profileinstaller:profileinstaller:1.3.0] AndroidManifest.xml:40:13-42:29
184                <action android:name="androidx.profileinstaller.action.INSTALL_PROFILE" />
184-->[androidx.profileinstaller:profileinstaller:1.3.0] AndroidManifest.xml:41:17-91
184-->[androidx.profileinstaller:profileinstaller:1.3.0] AndroidManifest.xml:41:25-88
185            </intent-filter>
186            <intent-filter>
186-->[androidx.profileinstaller:profileinstaller:1.3.0] AndroidManifest.xml:43:13-45:29
187                <action android:name="androidx.profileinstaller.action.SKIP_FILE" />
187-->[androidx.profileinstaller:profileinstaller:1.3.0] AndroidManifest.xml:44:17-85
187-->[androidx.profileinstaller:profileinstaller:1.3.0] AndroidManifest.xml:44:25-82
188            </intent-filter>
189            <intent-filter>
189-->[androidx.profileinstaller:profileinstaller:1.3.0] AndroidManifest.xml:46:13-48:29
190                <action android:name="androidx.profileinstaller.action.SAVE_PROFILE" />
190-->[androidx.profileinstaller:profileinstaller:1.3.0] AndroidManifest.xml:47:17-88
190-->[androidx.profileinstaller:profileinstaller:1.3.0] AndroidManifest.xml:47:25-85
191            </intent-filter>
192            <intent-filter>
192-->[androidx.profileinstaller:profileinstaller:1.3.0] AndroidManifest.xml:49:13-51:29
193                <action android:name="androidx.profileinstaller.action.BENCHMARK_OPERATION" />
193-->[androidx.profileinstaller:profileinstaller:1.3.0] AndroidManifest.xml:50:17-95
193-->[androidx.profileinstaller:profileinstaller:1.3.0] AndroidManifest.xml:50:25-92
194            </intent-filter>
195        </receiver>
196    </application>
197
198</manifest>